[17:12:13] [Client thread/INFO]: Setting user: Player408
[17:12:14] [Client thread/INFO]: LWJGL Version: 2.9.1
[17:12:18] [Client thread/INFO]: Reloading ResourceManager: Default, FMLFileResourcePack:Forge Mod Loader, FMLFileResourcePack:Minecraft Forge, FMLFileResourcePack:MachineMod
[17:12:18] [Sound Library Loader/INFO]: Starting up SoundSystem...
[17:12:18] [Thread-7/INFO]: Initializing LWJGL OpenAL
[17:12:18] [Thread-7/INFO]: (The LWJGL binding of OpenAL.  For more information, see http://www.lwjgl.org)
[17:12:18] [Thread-7/INFO]: OpenAL initialized.
[17:12:19] [Sound Library Loader/INFO]: Sound engine started
[17:12:20] [Client thread/WARN]: Unable to load item model: 'machinemod:item/bulldozer' for item: 'machinemod:bulldozer'
java.io.FileNotFoundException: machinemod:models/item/bulldozer.json
	at net.minecraft.client.resources.FallbackResourceManager.getResource(FallbackResourceManager.java:70) ~[FallbackResourceManager.class:?]
	at net.minecraft.client.resources.SimpleReloadableResourceManager.getResource(SimpleReloadableResourceManager.java:67) ~[SimpleReloadableResourceManager.class:?]
	at net.minecraft.client.resources.model.ModelBakery.loadModel(ModelBakery.java:260) ~[ModelBakery.class:?]
	at net.minecraft.client.resources.model.ModelBakery.loadItemModels(ModelBakery.java:307) [ModelBakery.class:?]
	at net.minecraft.client.resources.model.ModelBakery.func_177577_b(ModelBakery.java:105) [ModelBakery.class:?]
	at net.minecraft.client.resources.model.ModelBakery.setupModelRegistry(ModelBakery.java:88) [ModelBakery.class:?]
	at net.minecraft.client.resources.model.ModelManager.onResourceManagerReload(ModelManager.java:29) [ModelManager.class:?]
	at net.minecraft.client.resources.SimpleReloadableResourceManager.registerReloadListener(SimpleReloadableResourceManager.java:124) [SimpleReloadableResourceManager.class:?]
	at net.minecraft.client.Minecraft.startGame(Minecraft.java:507) [Minecraft.class:?]
	at net.minecraft.client.Minecraft.run(Minecraft.java:355) [Minecraft.class:?]
	at net.minecraft.client.main.Main.main(Main.java:117) [Main.class:?]
	at sun.reflect.NativeMethodAccessorImpl.invoke0(Native Method) ~[?:1.7.0_71]
	at sun.reflect.NativeMethodAccessorImpl.invoke(Unknown Source) ~[?:1.7.0_71]
	at sun.reflect.DelegatingMethodAccessorImpl.invoke(Unknown Source) ~[?:1.7.0_71]
	at java.lang.reflect.Method.invoke(Unknown Source) ~[?:1.7.0_71]
	at net.minecraft.launchwrapper.Launch.launch(Launch.java:135) [launchwrapper-1.11.jar:?]
	at net.minecraft.launchwrapper.Launch.main(Launch.java:28) [launchwrapper-1.11.jar:?]
	at net.minecraftforge.gradle.GradleStartCommon.launch(GradleStartCommon.java:78) [start/:?]
	at GradleStart.main(GradleStart.java:45) [start/:?]
[17:12:20] [Client thread/WARN]: Unable to load item model: 'machinemod:item/dumptruck' for item: 'machinemod:dumptruck'
java.io.FileNotFoundException: machinemod:models/item/dumptruck.json
	at net.minecraft.client.resources.FallbackResourceManager.getResource(FallbackResourceManager.java:70) ~[FallbackResourceManager.class:?]
	at net.minecraft.client.resources.SimpleReloadableResourceManager.getResource(SimpleReloadableResourceManager.java:67) ~[SimpleReloadableResourceManager.class:?]
	at net.minecraft.client.resources.model.ModelBakery.loadModel(ModelBakery.java:260) ~[ModelBakery.class:?]
	at net.minecraft.client.resources.model.ModelBakery.loadItemModels(ModelBakery.java:307) [ModelBakery.class:?]
	at net.minecraft.client.resources.model.ModelBakery.func_177577_b(ModelBakery.java:105) [ModelBakery.class:?]
	at net.minecraft.client.resources.model.ModelBakery.setupModelRegistry(ModelBakery.java:88) [ModelBakery.class:?]
	at net.minecraft.client.resources.model.ModelManager.onResourceManagerReload(ModelManager.java:29) [ModelManager.class:?]
	at net.minecraft.client.resources.SimpleReloadableResourceManager.registerReloadListener(SimpleReloadableResourceManager.java:124) [SimpleReloadableResourceManager.class:?]
	at net.minecraft.client.Minecraft.startGame(Minecraft.java:507) [Minecraft.class:?]
	at net.minecraft.client.Minecraft.run(Minecraft.java:355) [Minecraft.class:?]
	at net.minecraft.client.main.Main.main(Main.java:117) [Main.class:?]
	at sun.reflect.NativeMethodAccessorImpl.invoke0(Native Method) ~[?:1.7.0_71]
	at sun.reflect.NativeMethodAccessorImpl.invoke(Unknown Source) ~[?:1.7.0_71]
	at sun.reflect.DelegatingMethodAccessorImpl.invoke(Unknown Source) ~[?:1.7.0_71]
	at java.lang.reflect.Method.invoke(Unknown Source) ~[?:1.7.0_71]
	at net.minecraft.launchwrapper.Launch.launch(Launch.java:135) [launchwrapper-1.11.jar:?]
	at net.minecraft.launchwrapper.Launch.main(Launch.java:28) [launchwrapper-1.11.jar:?]
	at net.minecraftforge.gradle.GradleStartCommon.launch(GradleStartCommon.java:78) [start/:?]
	at GradleStart.main(GradleStart.java:45) [start/:?]
[17:12:21] [Client thread/INFO]: Created: 512x512 textures-atlas
[17:12:21] [Client thread/WARN]: Missing model for: machinemod:item/bulldozer
[17:12:21] [Client thread/WARN]: Missing model for: machinemod:item/dumptruck
[17:12:22] [Client thread/INFO]: Reloading ResourceManager: Default, FMLFileResourcePack:Forge Mod Loader, FMLFileResourcePack:Minecraft Forge, FMLFileResourcePack:MachineMod
[17:12:22] [Client thread/INFO]: SoundSystem shutting down...
[17:12:22] [Client thread/WARN]: Author: Paul Lamb, www.paulscode.com
[17:12:22] [Sound Library Loader/INFO]: Starting up SoundSystem...
[17:12:22] [Thread-9/INFO]: Initializing LWJGL OpenAL
[17:12:22] [Thread-9/INFO]: (The LWJGL binding of OpenAL.  For more information, see http://www.lwjgl.org)
[17:12:22] [Thread-9/INFO]: OpenAL initialized.
[17:12:23] [Sound Library Loader/INFO]: Sound engine started
[17:12:23] [Client thread/WARN]: Unable to load item model: 'machinemod:item/bulldozer' for item: 'machinemod:bulldozer'
java.io.FileNotFoundException: machinemod:models/item/bulldozer.json
	at net.minecraft.client.resources.FallbackResourceManager.getResource(FallbackResourceManager.java:70) ~[FallbackResourceManager.class:?]
	at net.minecraft.client.resources.SimpleReloadableResourceManager.getResource(SimpleReloadableResourceManager.java:67) ~[SimpleReloadableResourceManager.class:?]
	at net.minecraft.client.resources.model.ModelBakery.loadModel(ModelBakery.java:260) ~[ModelBakery.class:?]
	at net.minecraft.client.resources.model.ModelBakery.loadItemModels(ModelBakery.java:307) [ModelBakery.class:?]
	at net.minecraft.client.resources.model.ModelBakery.func_177577_b(ModelBakery.java:105) [ModelBakery.class:?]
	at net.minecraft.client.resources.model.ModelBakery.setupModelRegistry(ModelBakery.java:88) [ModelBakery.class:?]
	at net.minecraft.client.resources.model.ModelManager.onResourceManagerReload(ModelManager.java:29) [ModelManager.class:?]
	at net.minecraft.client.resources.SimpleReloadableResourceManager.notifyReloadListeners(SimpleReloadableResourceManager.java:134) [SimpleReloadableResourceManager.class:?]
	at net.minecraft.client.resources.SimpleReloadableResourceManager.reloadResources(SimpleReloadableResourceManager.java:118) [SimpleReloadableResourceManager.class:?]
	at net.minecraft.client.Minecraft.refreshResources(Minecraft.java:767) [Minecraft.class:?]
	at net.minecraftforge.fml.client.FMLClientHandler.finishMinecraftLoading(FMLClientHandler.java:306) [FMLClientHandler.class:?]
	at net.minecraft.client.Minecraft.startGame(Minecraft.java:521) [Minecraft.class:?]
	at net.minecraft.client.Minecraft.run(Minecraft.java:355) [Minecraft.class:?]
	at net.minecraft.client.main.Main.main(Main.java:117) [Main.class:?]
	at sun.reflect.NativeMethodAccessorImpl.invoke0(Native Method) ~[?:1.7.0_71]
	at sun.reflect.NativeMethodAccessorImpl.invoke(Unknown Source) ~[?:1.7.0_71]
	at sun.reflect.DelegatingMethodAccessorImpl.invoke(Unknown Source) ~[?:1.7.0_71]
	at java.lang.reflect.Method.invoke(Unknown Source) ~[?:1.7.0_71]
	at net.minecraft.launchwrapper.Launch.launch(Launch.java:135) [launchwrapper-1.11.jar:?]
	at net.minecraft.launchwrapper.Launch.main(Launch.java:28) [launchwrapper-1.11.jar:?]
	at net.minecraftforge.gradle.GradleStartCommon.launch(GradleStartCommon.java:78) [start/:?]
	at GradleStart.main(GradleStart.java:45) [start/:?]
[17:12:23] [Client thread/WARN]: Unable to load item model: 'machinemod:item/dumptruck' for item: 'machinemod:dumptruck'
java.io.FileNotFoundException: machinemod:models/item/dumptruck.json
	at net.minecraft.client.resources.FallbackResourceManager.getResource(FallbackResourceManager.java:70) ~[FallbackResourceManager.class:?]
	at net.minecraft.client.resources.SimpleReloadableResourceManager.getResource(SimpleReloadableResourceManager.java:67) ~[SimpleReloadableResourceManager.class:?]
	at net.minecraft.client.resources.model.ModelBakery.loadModel(ModelBakery.java:260) ~[ModelBakery.class:?]
	at net.minecraft.client.resources.model.ModelBakery.loadItemModels(ModelBakery.java:307) [ModelBakery.class:?]
	at net.minecraft.client.resources.model.ModelBakery.func_177577_b(ModelBakery.java:105) [ModelBakery.class:?]
	at net.minecraft.client.resources.model.ModelBakery.setupModelRegistry(ModelBakery.java:88) [ModelBakery.class:?]
	at net.minecraft.client.resources.model.ModelManager.onResourceManagerReload(ModelManager.java:29) [ModelManager.class:?]
	at net.minecraft.client.resources.SimpleReloadableResourceManager.notifyReloadListeners(SimpleReloadableResourceManager.java:134) [SimpleReloadableResourceManager.class:?]
	at net.minecraft.client.resources.SimpleReloadableResourceManager.reloadResources(SimpleReloadableResourceManager.java:118) [SimpleReloadableResourceManager.class:?]
	at net.minecraft.client.Minecraft.refreshResources(Minecraft.java:767) [Minecraft.class:?]
	at net.minecraftforge.fml.client.FMLClientHandler.finishMinecraftLoading(FMLClientHandler.java:306) [FMLClientHandler.class:?]
	at net.minecraft.client.Minecraft.startGame(Minecraft.java:521) [Minecraft.class:?]
	at net.minecraft.client.Minecraft.run(Minecraft.java:355) [Minecraft.class:?]
	at net.minecraft.client.main.Main.main(Main.java:117) [Main.class:?]
	at sun.reflect.NativeMethodAccessorImpl.invoke0(Native Method) ~[?:1.7.0_71]
	at sun.reflect.NativeMethodAccessorImpl.invoke(Unknown Source) ~[?:1.7.0_71]
	at sun.reflect.DelegatingMethodAccessorImpl.invoke(Unknown Source) ~[?:1.7.0_71]
	at java.lang.reflect.Method.invoke(Unknown Source) ~[?:1.7.0_71]
	at net.minecraft.launchwrapper.Launch.launch(Launch.java:135) [launchwrapper-1.11.jar:?]
	at net.minecraft.launchwrapper.Launch.main(Launch.java:28) [launchwrapper-1.11.jar:?]
	at net.minecraftforge.gradle.GradleStartCommon.launch(GradleStartCommon.java:78) [start/:?]
	at GradleStart.main(GradleStart.java:45) [start/:?]
[17:12:24] [Client thread/INFO]: Created: 512x512 textures-atlas
[17:12:24] [Client thread/WARN]: Missing model for: machinemod:item/bulldozer
[17:12:24] [Client thread/WARN]: Missing model for: machinemod:item/dumptruck
[17:12:37] [Server thread/INFO]: Starting integrated minecraft server version 1.8
[17:12:37] [Server thread/INFO]: Generating keypair
[17:12:37] [Server thread/INFO]: Preparing start region for level 0
[17:12:38] [Server thread/INFO]: Changing view distance to 16, from 10
[17:12:38] [Server thread/INFO]: Player408[local:E:ebacf6f9] logged in with entity id 302 at (-1066.8998478423362, 4.0, -96.19434064546317)
[17:12:38] [Server thread/INFO]: Player408 joined the game
